<?xml version="1.0" encoding="UTF-8"?>
<testng-results ignored="0" total="1" passed="1" failed="0" skipped="0">
  <reporter-output>
  </reporter-output>
  <suite started-at="2019-11-08T14:30:48Z" name="Default suite" finished-at="2019-11-08T14:31:04Z" duration-ms="15281">
    <groups>
    </groups>
    <test started-at="2019-11-08T14:30:48Z" name="Default test" finished-at="2019-11-08T14:31:04Z" duration-ms="15281">
      <class name="com.atmecs.heatclinic.testscripts.ValidateTabs">
        <test-method is-config="true" signature="initializeBrowser()[pri:0, instance:com.atmecs.heatclinic.testscripts.ValidateTabs@6973b51b]" started-at="2019-11-08T14:30:48Z" name="initializeBrowser" finished-at="2019-11-08T14:30:52Z" duration-ms="3989" status="PASS">
          <reporter-output>
          </reporter-output>
        </test-method> <!-- initializeBrowser -->
        <test-method signature="testingHomePage()[pri:0, instance:com.atmecs.heatclinic.testscripts.ValidateTabs@6973b51b]" started-at="2019-11-08T14:30:52Z" name="testingHomePage" finished-at="2019-11-08T14:31:03Z" duration-ms="10617" status="PASS">
          <reporter-output>
          </reporter-output>
        </test-method> <!-- testingHomePage -->
        <test-method is-config="true" signature="closeBrowser()[pri:0, instance:com.atmecs.heatclinic.testscripts.ValidateTabs@6973b51b]" started-at="2019-11-08T14:31:03Z" name="closeBrowser" finished-at="2019-11-08T14:31:04Z" duration-ms="631" status="PASS">
          <reporter-output>
          </reporter-output>
        </test-method> <!-- closeBrowser -->
      </class> <!-- com.atmecs.heatclinic.testscripts.ValidateTabs -->
    </test> <!-- Default test -->
  </suite> <!-- Default suite -->
</testng-results>
